<?xml version="1.0" encoding="UTF-8"?>
<Site BuildName="Win32-MSBuild"
	BuildStamp="20240318-2055-Experimental"
	Name="PC"
	Generator="ctest-3.29.0-rc4"
	CompilerName="C:/Program Files/Microsoft Visual Studio/2022/Community/VC/Tools/MSVC/14.39.33519/bin/Hostx86/x64/cl.exe"
	CompilerVersion="19.39.33522.0"
	OSName="Windows"
	Hostname="PC"
	OSRelease=" Professional"
	OSVersion=" (Build 22631)"
	OSPlatform="AMD64"
	Is64Bits="1"
	VendorString="GenuineIntel"
	VendorID="Intel Corporation"
	FamilyID="6"
	ModelID="7"
	ProcessorCacheSize="-1"
	NumberOfLogicalCPU="20"
	NumberOfPhysicalCPU="14"
	TotalVirtualMemory="34629"
	TotalPhysicalMemory="32581"
	LogicalProcessorsPerPhysical="1"
	ProcessorClockFrequency="3494"
	>
	<Testing>
		<StartDateTime>Mar 18 22:48 Paris, Madrid</StartDateTime>
		<StartTestTime>1710798481</StartTestTime>
		<TestList/>
		<EndDateTime>Mar 18 22:48 Paris, Madrid</EndDateTime>
		<EndTestTime>1710798481</EndTestTime>
		<ElapsedMinutes>0</ElapsedMinutes>
	</Testing>
</Site>
